<?xml version="1.0" encoding="UTF-8"?>
<testsuite name="exercise.AppTest" tests="7" skipped="0" failures="0" errors="0" timestamp="2023-08-07T14:37:23" hostname="ribkavmore" time="0.339">
  <properties/>
  <testcase name="testUser1()" classname="exercise.AppTest" time="0.252"/>
  <testcase name="testUser2()" classname="exercise.AppTest" time="0.008"/>
  <testcase name="testUsersAll()" classname="exercise.AppTest" time="0.027"/>
  <testcase name="testUserNotFound1()" classname="exercise.AppTest" time="0.006"/>
  <testcase name="testUserNotFound2()" classname="exercise.AppTest" time="0.005"/>
  <testcase name="testDeletePage()" classname="exercise.AppTest" time="0.006"/>
  <testcase name="testDeleteUser()" classname="exercise.AppTest" time="0.028"/>
  <system-out><![CDATA[]]></system-out>
  <system-err><![CDATA[Aug 07, 2023 6:37:22 PM org.apache.coyote.AbstractProtocol init
INFO: Initializing ProtocolHandler ["http-nio-auto-1"]
Aug 07, 2023 6:37:22 PM org.apache.tomcat.util.net.NioSelectorPool getSharedSelector
INFO: Using a shared selector for servlet write/read
Aug 07, 2023 6:37:22 PM org.apache.catalina.core.StandardService startInternal
INFO: Starting service [Tomcat]
Aug 07, 2023 6:37:22 PM org.apache.catalina.core.StandardEngine startInternal
INFO: Starting Servlet engine: [Apache Tomcat/8.5.69]
Aug 07, 2023 6:37:22 PM org.apache.catalina.startup.ContextConfig getDefaultWebXmlFragment
INFO: No global web.xml found
Aug 07, 2023 6:37:23 PM org.apache.jasper.servlet.TldScanner scanJars
INFO: At least one JAR was scanned for TLDs yet contained no TLDs. Enable debug logging for this logger for a complete list of JARs that were scanned but no TLDs were found in them. Skipping unneeded JARs during scanning can improve startup time and JSP compilation time.
Aug 07, 2023 6:37:23 PM org.apache.coyote.AbstractProtocol start
INFO: Starting ProtocolHandler ["http-nio-auto-1-39075"]
SLF4J: Failed to load class "org.slf4j.impl.StaticLoggerBinder".
SLF4J: Defaulting to no-operation (NOP) logger implementation
SLF4J: See http://www.slf4j.org/codes.html#StaticLoggerBinder for further details.
Aug 07, 2023 6:37:23 PM org.apache.coyote.AbstractProtocol pause
INFO: Pausing ProtocolHandler ["http-nio-auto-1-39075"]
Aug 07, 2023 6:37:23 PM org.apache.catalina.core.StandardService stopInternal
INFO: Stopping service [Tomcat]
Aug 07, 2023 6:37:23 PM org.apache.catalina.loader.WebappClassLoaderBase clearReferencesObjectStreamClassCaches
WARNING: When running on Java 9 or later you need to add "--add-opens=java.base/java.io=null" to the JVM command line arguments to enable ObjectStream cache memory leak protection. Alternatively, you can suppress this warning by disabling ObjectStream class cache memory leak protection.
Aug 07, 2023 6:37:23 PM org.apache.catalina.loader.WebappClassLoaderBase checkThreadLocalsForLeaks
WARNING: When running on Java 9 or later you need to add "--add-opens=java.base/java.lang=null" to the JVM command line arguments to enable ThreadLocal memory leak detection. Alternatively, you can suppress this warning by disabling ThreadLocal memory leak detection.
Aug 07, 2023 6:37:23 PM org.apache.catalina.loader.WebappClassLoaderBase clearReferencesRmiTargets
WARNING: When running on Java 9 or later you need to add "--add-opens=java.rmi/sun.rmi.transport=null" to the JVM command line arguments to enable RMI Target memory leak detection. Alternatively, you can suppress this warning by disabling RMI Target memory leak detection.
Aug 07, 2023 6:37:23 PM org.apache.coyote.AbstractProtocol stop
INFO: Stopping ProtocolHandler ["http-nio-auto-1-39075"]
]]></system-err>
</testsuite>
